<?xml version="1.0" encoding="UTF-8"?>
<coverage generated="1739961549918" clover="3.2.0">
  <project timestamp="1739961549918" name="All files">
    <metrics statements="4" coveredstatements="4" conditionals="0" coveredconditionals="0" methods="3" coveredmethods="3" elements="7" coveredelements="7" complexity="0" loc="4" ncloc="4" packages="1" files="1" classes="1"/>
    <file name="Counter-two.tsx" path="/home/runner/work/Vite-test-setup-AI/Vite-test-setup-AI/src/components/counter-two/Counter-two.tsx">
      <metrics statements="4" coveredstatements="4" conditionals="0" coveredconditionals="0" methods="3" coveredmethods="3"/>
      <line num="12" count="9" type="stmt"/>
      <line num="16" count="5" type="stmt"/>
      <line num="17" count="4" type="stmt"/>
      <line num="22" count="2" type="stmt"/>
    </file>
  </project>
</coverage>
