{"/home/runner/work/Vite-test-setup-AI/Vite-test-setup-AI/src/components/users/Users.tsx": {"path":"/home/runner/work/Vite-test-setup-AI/Vite-test-setup-AI/src/components/users/Users.tsx","statementMap":{"0":{"start":{"line":1,"column":14},"end":{"line":11,"column":1}},"1":{"start":{"line":2,"column":2},"end":{"line":10,"column":4}},"2":{"start":{"line":13,"column":0},"end":{"line":13,"column":21}}},"fnMap":{"0":{"name":"(anonymous_0)","decl":{"start":{"line":1,"column":14},"end":{"line":1,"column":17}},"loc":{"start":{"line":1,"column":19},"end":{"line":11,"column":1}}}},"branchMap":{},"s":{"0":1,"1":5,"2":1},"f":{"0":5},"b":{}}
}
