{"/home/runner/work/Vite-test-setup-AI/Vite-test-setup-AI/src/components/counter-two/Counter-two.tsx": {"path":"/home/runner/work/Vite-test-setup-AI/Vite-test-setup-AI/src/components/counter-two/Counter-two.tsx","statementMap":{"0":{"start":{"line":12,"column":2},"end":{"line":19,"column":4}},"1":{"start":{"line":16,"column":29},"end":{"line":16,"column":54}},"2":{"start":{"line":17,"column":29},"end":{"line":17,"column":54}},"3":{"start":{"line":22,"column":0},"end":{"line":22,"column":26}}},"fnMap":{"0":{"name":"CounterTwo","decl":{"start":{"line":7,"column":9},"end":{"line":7,"column":19}},"loc":{"start":{"line":11,"column":18},"end":{"line":20,"column":1}}},"1":{"name":"(anonymous_1)","decl":{"start":{"line":16,"column":23},"end":{"line":16,"column":26}},"loc":{"start":{"line":16,"column":29},"end":{"line":16,"column":54}}},"2":{"name":"(anonymous_2)","decl":{"start":{"line":17,"column":23},"end":{"line":17,"column":26}},"loc":{"start":{"line":17,"column":29},"end":{"line":17,"column":54}}}},"branchMap":{},"s":{"0":9,"1":5,"2":4,"3":2},"f":{"0":9,"1":5,"2":4},"b":{}}
}
